<?xml version="1.0" encoding="UTF-8"?>
<testsuite name="test.SomeTest" time="0" tests="6" errors="0" skipped="1" failures="0">
  <properties>
[...]
</properties>
  <testcase name="test1" classname="test.SomeTest" time="0"/>
  <testcase name="test2" classname="test.SomeTest" time="0"/>
  <testcase name="test3" classname="test.SomeTest" time="0"/>
  <testcase name="test4" classname="test.SomeTest" time="0"/>
  <testcase name="test5" classname="test.SomeTest" time="0">
    <skipped/>
  </testcase>
  <testcase name="test6" classname="test.SomeTest" time="0"/>
</testsuite>